
> my-project@0.1.0 build
> next build

▲ Next.js 16.1.6 (Turbopack)

  Creating an optimized production build ...
✓ Compiled successfully in 2.2s
  Skipping validation of types
  Collecting page data using 15 workers ...
  Generating static pages using 15 workers (0/9) ...
  Generating static pages using 15 workers (2/9) 
  Generating static pages using 15 workers (4/9) 
  Generating static pages using 15 workers (6/9) 
✓ Generating static pages using 15 workers (9/9) in 611.4ms
  Finalizing page optimization ...

Route (app)
┌ ○ /
├ ○ /_not-found
├ ○ /dashboard
├ ○ /dashboard/budget
├ ○ /dashboard/invoices
├ ○ /dashboard/moodboard
├ ○ /dashboard/overview
└ ○ /login


○  (Static)  prerendered as static content

